<?xml version="1.0" encoding="UTF-8"?>
<!-- Generated by org.testng.reporters.JUnitXMLReporter -->
<testsuite hostname="MrNalan-PC" ignored="0" name="Test" tests="3" failures="2" timestamp="26 Apr 2018 06:51:13 GMT" time="141.696" errors="0">
  <testcase name="testValidLogin" time="9.821" classname="scripts.TestValidLogin">
    <failure type="java.lang.AssertionError" message="The following asserts failed:
	expected [actiTIME - Enter Time-Track] but found [actiTIME - Login]">
      <![CDATA[java.lang.AssertionError: The following asserts failed:expected [actiTIME - Enter Time-Track] but found [actiTIME - Login]at scripts.TestValidLogin.testValidLogin(TestValidLogin.java:31)... Removed 26 stack frames]]>
    </failure>
  </testcase> <!-- testValidLogin -->
  <testcase name="invalidLogin" time="6.009" classname="scripts.TestInvalidLogin"/>
  <testcase name="verifyVersion" time="9.714" classname="scripts.VerifyProductVersion">
    <failure type="org.openqa.selenium.ElementNotInteractableException" message="Element &amp;lt;div&amp;gt; could not be scrolled into view
Build info: version: &amp;apos;3.8.1&amp;apos;, revision: &amp;apos;6e95a6684b&amp;apos;, time: &amp;apos;2017-12-01T18:33:54.468Z&amp;apos;
System info: host: &amp;apos;MRNALAN-PC&amp;apos;, ip: &amp;apos;127.0.0.1&amp;apos;, os.name: &amp;apos;Windows 7&amp;apos;, os.arch: &amp;apos;amd64&amp;apos;, os.version: &amp;apos;6.1&amp;apos;, java.version: &amp;apos;1.8.0_161&amp;apos;
Driver info: org.openqa.selenium.firefox.FirefoxDriver
Capabilities {acceptInsecureCerts: true, browserName: firefox, browserVersion: 58.0, javascriptEnabled: true, moz:accessibilityChecks: false, moz:headless: false, moz:processID: 2888, moz:profile: C:\Users\Mr Nalan\AppData\L..., moz:webdriverClick: true, pageLoadStrategy: normal, platform: XP, platformName: XP, platformVersion: 6.1, rotatable: false, timeouts: {implicit: 0, pageLoad: 300000, script: 30000}}
Session ID: 421733f8-0117-467c-a880-0bbe06490d25">
      <![CDATA[org.openqa.selenium.ElementNotInteractableException: Element <div> could not be scrolled into viewBuild info: version: '3.8.1', revision: '6e95a6684b', time: '2017-12-01T18:33:54.468Z'System info: host: 'MRNALAN-PC', ip: '127.0.0.1', os.name: 'Windows 7', os.arch: 'amd64', os.version: '6.1', java.version: '1.8.0_161'Driver info: org.openqa.selenium.firefox.FirefoxDriverCapabilities {acceptInsecureCerts: true, browserName: firefox, browserVersion: 58.0, javascriptEnabled: true, moz:accessibilityChecks: false, moz:headless: false, moz:processID: 2888, moz:profile: C:\Users\Mr Nalan\AppData\L..., moz:webdriverClick: true, pageLoadStrategy: normal, platform: XP, platformName: XP, platformVersion: 6.1, rotatable: false, timeouts: {implicit: 0, pageLoad: 300000, script: 30000}}Session ID: 421733f8-0117-467c-a880-0bbe06490d25at org.openqa.selenium.remote.http.W3CHttpResponseCodec.createException(W3CHttpResponseCodec.java:187)at org.openqa.selenium.remote.http.W3CHttpResponseCodec.decode(W3CHttpResponseCodec.java:122)at org.openqa.selenium.remote.http.W3CHttpResponseCodec.decode(W3CHttpResponseCodec.java:49)at org.openqa.selenium.remote.HttpCommandExecutor.execute(HttpCommandExecutor.java:164)at org.openqa.selenium.remote.service.DriverCommandExecutor.execute(DriverCommandExecutor.java:83)at org.openqa.selenium.remote.RemoteWebDriver.execute(RemoteWebDriver.java:601)at org.openqa.selenium.remote.RemoteWebElement.execute(RemoteWebElement.java:279)at org.openqa.selenium.remote.RemoteWebElement.click(RemoteWebElement.java:83)at org.openqa.selenium.support.pagefactory.internal.LocatingElementHandler.invoke(LocatingElementHandler.java:51)at com.sun.proxy.$Proxy9.click(Unknown Source)at pompages.HomePage.clickAboutLink(HomePage.java:37)at scripts.VerifyProductVersion.verifyVersion(VerifyProductVersion.java:29)... Removed 33 stack frames]]>
    </failure>
  </testcase> <!-- verifyVersion -->
</testsuite> <!-- Test -->
